Determining if the Q_WS_WIN exist failed with the following output:
Change Dir: /home/duy/pico-projector/release/CMakeFiles/CMakeTmp

Run Build Command:/usr/bin/make "cmTryCompileExec2231375591/fast"
/usr/bin/make -f CMakeFiles/cmTryCompileExec2231375591.dir/build.make CMakeFiles/cmTryCompileExec2231375591.dir/build
make[1]: Entering directory `/home/duy/pico-projector/release/CMakeFiles/CMakeTmp'
/usr/bin/cmake -E cmake_progress_report /home/duy/pico-projector/release/CMakeFiles/CMakeTmp/CMakeFiles 1
Building CXX object CMakeFiles/cmTryCompileExec2231375591.dir/CheckSymbolExists.cxx.o
/usr/bin/c++    -I/usr/include/qt4    -o CMakeFiles/cmTryCompileExec2231375591.dir/CheckSymbolExists.cxx.o -c /home/duy/pico-projector/release/CMakeFiles/CMakeTmp/CheckSymbolExists.cxx
/home/duy/pico-projector/release/CMakeFiles/CMakeTmp/CheckSymbolExists.cxx: In function ‘int main(int, char**)’:
/home/duy/pico-projector/release/CMakeFiles/CMakeTmp/CheckSymbolExists.cxx:8:19: error: ‘Q_WS_WIN’ was not declared in this scope
   return ((int*)(&Q_WS_WIN))[argc];
                   ^
make[1]: *** [CMakeFiles/cmTryCompileExec2231375591.dir/CheckSymbolExists.cxx.o] Error 1
make[1]: Leaving directory `/home/duy/pico-projector/release/CMakeFiles/CMakeTmp'
make: *** [cmTryCompileExec2231375591/fast] Error 2

File /home/duy/pico-projector/release/CMakeFiles/CMakeTmp/CheckSymbolExists.cxx:
/* */
#include <QtCore/qglobal.h>

int main(int argc, char** argv)
{
  (void)argv;
#ifndef Q_WS_WIN
  return ((int*)(&Q_WS_WIN))[argc];
#else
  (void)argc;
  return 0;
#endif
}

Determining if the Q_WS_QWS exist failed with the following output:
Change Dir: /home/duy/pico-projector/release/CMakeFiles/CMakeTmp

Run Build Command:/usr/bin/make "cmTryCompileExec3664896442/fast"
/usr/bin/make -f CMakeFiles/cmTryCompileExec3664896442.dir/build.make CMakeFiles/cmTryCompileExec3664896442.dir/build
make[1]: Entering directory `/home/duy/pico-projector/release/CMakeFiles/CMakeTmp'
/usr/bin/cmake -E cmake_progress_report /home/duy/pico-projector/release/CMakeFiles/CMakeTmp/CMakeFiles 1
Building CXX object CMakeFiles/cmTryCompileExec3664896442.dir/CheckSymbolExists.cxx.o
/usr/bin/c++    -I/usr/include/qt4    -o CMakeFiles/cmTryCompileExec3664896442.dir/CheckSymbolExists.cxx.o -c /home/duy/pico-projector/release/CMakeFiles/CMakeTmp/CheckSymbolExists.cxx
/home/duy/pico-projector/release/CMakeFiles/CMakeTmp/CheckSymbolExists.cxx: In function ‘int main(int, char**)’:
/home/duy/pico-projector/release/CMakeFiles/CMakeTmp/CheckSymbolExists.cxx:8:19: error: ‘Q_WS_QWS’ was not declared in this scope
   return ((int*)(&Q_WS_QWS))[argc];
                   ^
make[1]: *** [CMakeFiles/cmTryCompileExec3664896442.dir/CheckSymbolExists.cxx.o] Error 1
make[1]: Leaving directory `/home/duy/pico-projector/release/CMakeFiles/CMakeTmp'
make: *** [cmTryCompileExec3664896442/fast] Error 2

File /home/duy/pico-projector/release/CMakeFiles/CMakeTmp/CheckSymbolExists.cxx:
/* */
#include <QtCore/qglobal.h>

int main(int argc, char** argv)
{
  (void)argv;
#ifndef Q_WS_QWS
  return ((int*)(&Q_WS_QWS))[argc];
#else
  (void)argc;
  return 0;
#endif
}

Determining if the Q_WS_MAC exist failed with the following output:
Change Dir: /home/duy/pico-projector/release/CMakeFiles/CMakeTmp

Run Build Command:/usr/bin/make "cmTryCompileExec1639504806/fast"
/usr/bin/make -f CMakeFiles/cmTryCompileExec1639504806.dir/build.make CMakeFiles/cmTryCompileExec1639504806.dir/build
make[1]: Entering directory `/home/duy/pico-projector/release/CMakeFiles/CMakeTmp'
/usr/bin/cmake -E cmake_progress_report /home/duy/pico-projector/release/CMakeFiles/CMakeTmp/CMakeFiles 1
Building CXX object CMakeFiles/cmTryCompileExec1639504806.dir/CheckSymbolExists.cxx.o
/usr/bin/c++    -I/usr/include/qt4    -o CMakeFiles/cmTryCompileExec1639504806.dir/CheckSymbolExists.cxx.o -c /home/duy/pico-projector/release/CMakeFiles/CMakeTmp/CheckSymbolExists.cxx
/home/duy/pico-projector/release/CMakeFiles/CMakeTmp/CheckSymbolExists.cxx: In function ‘int main(int, char**)’:
/home/duy/pico-projector/release/CMakeFiles/CMakeTmp/CheckSymbolExists.cxx:8:19: error: ‘Q_WS_MAC’ was not declared in this scope
   return ((int*)(&Q_WS_MAC))[argc];
                   ^
make[1]: *** [CMakeFiles/cmTryCompileExec1639504806.dir/CheckSymbolExists.cxx.o] Error 1
make[1]: Leaving directory `/home/duy/pico-projector/release/CMakeFiles/CMakeTmp'
make: *** [cmTryCompileExec1639504806/fast] Error 2

File /home/duy/pico-projector/release/CMakeFiles/CMakeTmp/CheckSymbolExists.cxx:
/* */
#include <QtCore/qglobal.h>

int main(int argc, char** argv)
{
  (void)argv;
#ifndef Q_WS_MAC
  return ((int*)(&Q_WS_MAC))[argc];
#else
  (void)argc;
  return 0;
#endif
}

